<?xml version="1.0" encoding="UTF-8"?>
<!-- Generated by org.testng.reporters.JUnitXMLReporter -->
<testsuite ignored="60" hostname="DESKTOP-KC70OC4" failures="6" tests="61" name="Test" time="6235.448" errors="0" timestamp="2023-10-07T21:58:33 IST">
  <testcase classname="Utilities.BaseClass" name="@BeforeClass setup" time="14.897">
    <failure type="org.openqa.selenium.SessionNotCreatedException" message="Could not start a new session. Response code 500. Message: An unknown server-side error occurred while processing the command. Original error: Error executing adbExec. Original error: &amp;apos;Command &amp;apos;C:\\Users\\Fleek\\AppData\\Local\\Android\\Sdk\\platform-tools\\adb.exe -P 5037 -s emulator-5554 shell &amp;apos;settings delete global hidden_api_policy_pre_p_apps;settings delete global hidden_api_policy_p_apps;settings delete global hidden_api_policy&amp;apos;&amp;apos; exited with code 20&amp;apos;; Command output: cmd: Can&amp;apos;t find service: settings
cmd: Can&amp;apos;t find service: settings
cmd: Can&amp;apos;t find service: settings
 
Host info: host: &amp;apos;DESKTOP-KC70OC4&amp;apos;, ip: &amp;apos;192.168.29.145&amp;apos;
Build info: version: &amp;apos;4.13.0&amp;apos;, revision: &amp;apos;ba948ece5b*&amp;apos;
System info: os.name: &amp;apos;Windows 11&amp;apos;, os.arch: &amp;apos;amd64&amp;apos;, os.version: &amp;apos;10.0&amp;apos;, java.version: &amp;apos;17.0.7&amp;apos;
Driver info: io.appium.java_client.android.AndroidDriver
Command: [null, newSession {capabilities=[{appium:appActivity=org.plasticbank.app.MainActivity, appium:appPackage=org.plasticbank.app, appium:automationName=Appium, appium:deviceName=Android Emulator, appium:newCommandTimeout=9000, platformName=ANDROID, appium:platformVersion=11.0, appium:udid=emulator-5554}], desiredCapabilities=Capabilities {appActivity: org.plasticbank.app.MainAct..., appPackage: org.plasticbank.app, automationName: Appium, deviceName: Android Emulator, newCommandTimeout: 9000, platformName: ANDROID, platformVersion: 11.0, udid: emulator-5554}}]
Capabilities {appActivity: org.plasticbank.app.MainAct..., appPackage: org.plasticbank.app, automationName: Appium, deviceName: Android Emulator, newCommandTimeout: 9000, platformName: ANDROID, platformVersion: 11.0, udid: emulator-5554}">
      <![CDATA[org.openqa.selenium.SessionNotCreatedException: Could not start a new session. Response code 500. Message: An unknown server-side error occurred while processing the command. Original error: Error executing adbExec. Original error: 'Command 'C:\\Users\\Fleek\\AppData\\Local\\Android\\Sdk\\platform-tools\\adb.exe -P 5037 -s emulator-5554 shell 'settings delete global hidden_api_policy_pre_p_apps;settings delete global hidden_api_policy_p_apps;settings delete global hidden_api_policy'' exited with code 20'; Command output: cmd: Can't find service: settings
cmd: Can't find service: settings
cmd: Can't find service: settings
 
Host info: host: 'DESKTOP-KC70OC4', ip: '192.168.29.145'
Build info: version: '4.13.0', revision: 'ba948ece5b*'
System info: os.name: 'Windows 11', os.arch: 'amd64', os.version: '10.0', java.version: '17.0.7'
Driver info: io.appium.java_client.android.AndroidDriver
Command: [null, newSession {capabilities=[{appium:appActivity=org.plasticbank.app.MainActivity, appium:appPackage=org.plasticbank.app, appium:automationName=Appium, appium:deviceName=Android Emulator, appium:newCommandTimeout=9000, platformName=ANDROID, appium:platformVersion=11.0, appium:udid=emulator-5554}], desiredCapabilities=Capabilities {appActivity: org.plasticbank.app.MainAct..., appPackage: org.plasticbank.app, automationName: Appium, deviceName: Android Emulator, newCommandTimeout: 9000, platformName: ANDROID, platformVersion: 11.0, udid: emulator-5554}}]
Capabilities {appActivity: org.plasticbank.app.MainAct..., appPackage: org.plasticbank.app, automationName: Appium, deviceName: Android Emulator, newCommandTimeout: 9000, platformName: ANDROID, platformVersion: 11.0, udid: emulator-5554}
at org.openqa.selenium.remote.ProtocolHandshake.createSession(ProtocolHandshake.java:140)
at io.appium.java_client.remote.AppiumProtocolHandshake.createSession(AppiumProtocolHandshake.java:133)
at io.appium.java_client.remote.AppiumProtocolHandshake.createSession(AppiumProtocolHandshake.java:102)
at io.appium.java_client.remote.AppiumCommandExecutor.createSession(AppiumCommandExecutor.java:182)
at io.appium.java_client.remote.AppiumCommandExecutor.execute(AppiumCommandExecutor.java:250)
at org.openqa.selenium.remote.RemoteWebDriver.execute(RemoteWebDriver.java:602)
at io.appium.java_client.AppiumDriver.startSession(AppiumDriver.java:274)
at org.openqa.selenium.remote.RemoteWebDriver.<init>(RemoteWebDriver.java:163)
at io.appium.java_client.AppiumDriver.<init>(AppiumDriver.java:89)
at io.appium.java_client.AppiumDriver.<init>(AppiumDriver.java:101)
at io.appium.java_client.android.AndroidDriver.<init>(AndroidDriver.java:113)
at Utilities.BaseClass.setup(BaseClass.java:160)
at java.base/java.util.ArrayList.forEach(ArrayList.java:1511)
... Removed 29 stack frames]]>
    </failure>
  </testcase> <!-- @BeforeClass setup -->
  <testcase classname="Utilities.BaseClass" name="@AfterMethod afterMethod" time="0.0">
    <skipped/>
  </testcase> <!-- @AfterMethod afterMethod -->
  <testcase classname="Utilities.BaseClass" name="@AfterClass teardown" time="0.0">
    <skipped/>
  </testcase> <!-- @AfterClass teardown -->
  <testcase classname="Utilities.BaseClass" name="@BeforeClass setup" time="6.635">
    <failure type="org.openqa.selenium.SessionNotCreatedException" message="Could not start a new session. Response code 500. Message: An unknown server-side error occurred while processing the command. Original error: Error executing adbExec. Original error: &amp;apos;Command &amp;apos;C:\\Users\\Fleek\\AppData\\Local\\Android\\Sdk\\platform-tools\\adb.exe -P 5037 -s emulator-5554 shell &amp;apos;settings delete global hidden_api_policy_pre_p_apps;settings delete global hidden_api_policy_p_apps;settings delete global hidden_api_policy&amp;apos;&amp;apos; exited with code 20&amp;apos;; Command output: cmd: Can&amp;apos;t find service: settings
cmd: Can&amp;apos;t find service: settings
cmd: Can&amp;apos;t find service: settings
 
Host info: host: &amp;apos;DESKTOP-KC70OC4&amp;apos;, ip: &amp;apos;192.168.29.145&amp;apos;
Build info: version: &amp;apos;4.13.0&amp;apos;, revision: &amp;apos;ba948ece5b*&amp;apos;
System info: os.name: &amp;apos;Windows 11&amp;apos;, os.arch: &amp;apos;amd64&amp;apos;, os.version: &amp;apos;10.0&amp;apos;, java.version: &amp;apos;17.0.7&amp;apos;
Driver info: io.appium.java_client.android.AndroidDriver
Command: [null, newSession {capabilities=[{appium:appActivity=org.plasticbank.app.MainActivity, appium:appPackage=org.plasticbank.app, appium:automationName=Appium, appium:deviceName=Android Emulator, appium:newCommandTimeout=9000, platformName=ANDROID, appium:platformVersion=11.0, appium:udid=emulator-5554}], desiredCapabilities=Capabilities {appActivity: org.plasticbank.app.MainAct..., appPackage: org.plasticbank.app, automationName: Appium, deviceName: Android Emulator, newCommandTimeout: 9000, platformName: ANDROID, platformVersion: 11.0, udid: emulator-5554}}]
Capabilities {appActivity: org.plasticbank.app.MainAct..., appPackage: org.plasticbank.app, automationName: Appium, deviceName: Android Emulator, newCommandTimeout: 9000, platformName: ANDROID, platformVersion: 11.0, udid: emulator-5554}">
      <![CDATA[org.openqa.selenium.SessionNotCreatedException: Could not start a new session. Response code 500. Message: An unknown server-side error occurred while processing the command. Original error: Error executing adbExec. Original error: 'Command 'C:\\Users\\Fleek\\AppData\\Local\\Android\\Sdk\\platform-tools\\adb.exe -P 5037 -s emulator-5554 shell 'settings delete global hidden_api_policy_pre_p_apps;settings delete global hidden_api_policy_p_apps;settings delete global hidden_api_policy'' exited with code 20'; Command output: cmd: Can't find service: settings
cmd: Can't find service: settings
cmd: Can't find service: settings
 
Host info: host: 'DESKTOP-KC70OC4', ip: '192.168.29.145'
Build info: version: '4.13.0', revision: 'ba948ece5b*'
System info: os.name: 'Windows 11', os.arch: 'amd64', os.version: '10.0', java.version: '17.0.7'
Driver info: io.appium.java_client.android.AndroidDriver
Command: [null, newSession {capabilities=[{appium:appActivity=org.plasticbank.app.MainActivity, appium:appPackage=org.plasticbank.app, appium:automationName=Appium, appium:deviceName=Android Emulator, appium:newCommandTimeout=9000, platformName=ANDROID, appium:platformVersion=11.0, appium:udid=emulator-5554}], desiredCapabilities=Capabilities {appActivity: org.plasticbank.app.MainAct..., appPackage: org.plasticbank.app, automationName: Appium, deviceName: Android Emulator, newCommandTimeout: 9000, platformName: ANDROID, platformVersion: 11.0, udid: emulator-5554}}]
Capabilities {appActivity: org.plasticbank.app.MainAct..., appPackage: org.plasticbank.app, automationName: Appium, deviceName: Android Emulator, newCommandTimeout: 9000, platformName: ANDROID, platformVersion: 11.0, udid: emulator-5554}
at org.openqa.selenium.remote.ProtocolHandshake.createSession(ProtocolHandshake.java:140)
at io.appium.java_client.remote.AppiumProtocolHandshake.createSession(AppiumProtocolHandshake.java:133)
at io.appium.java_client.remote.AppiumProtocolHandshake.createSession(AppiumProtocolHandshake.java:102)
at io.appium.java_client.remote.AppiumCommandExecutor.createSession(AppiumCommandExecutor.java:182)
at io.appium.java_client.remote.AppiumCommandExecutor.execute(AppiumCommandExecutor.java:250)
at org.openqa.selenium.remote.RemoteWebDriver.execute(RemoteWebDriver.java:602)
at io.appium.java_client.AppiumDriver.startSession(AppiumDriver.java:274)
at org.openqa.selenium.remote.RemoteWebDriver.<init>(RemoteWebDriver.java:163)
at io.appium.java_client.AppiumDriver.<init>(AppiumDriver.java:89)
at io.appium.java_client.AppiumDriver.<init>(AppiumDriver.java:101)
at io.appium.java_client.android.AndroidDriver.<init>(AndroidDriver.java:113)
at Utilities.BaseClass.setup(BaseClass.java:160)
at java.base/java.util.ArrayList.forEach(ArrayList.java:1511)
... Removed 29 stack frames]]>
    </failure>
  </testcase> <!-- @BeforeClass setup -->
  <testcase classname="Utilities.BaseClass" name="@AfterMethod afterMethod" time="0.0">
    <skipped/>
  </testcase> <!-- @AfterMethod afterMethod -->
  <testcase classname="Utilities.BaseClass" name="@AfterMethod afterMethod" time="0.0">
    <skipped/>
  </testcase> <!-- @AfterMethod afterMethod -->
  <testcase classname="Utilities.BaseClass" name="@AfterMethod afterMethod" time="0.0">
    <skipped/>
  </testcase> <!-- @AfterMethod afterMethod -->
  <testcase classname="Utilities.BaseClass" name="@AfterMethod afterMethod" time="0.0">
    <skipped/>
  </testcase> <!-- @AfterMethod afterMethod -->
  <testcase classname="Utilities.BaseClass" name="@AfterClass teardown" time="0.0">
    <skipped/>
  </testcase> <!-- @AfterClass teardown -->
  <testcase classname="Utilities.BaseClass" name="@BeforeClass setup" time="17.976">
    <failure type="org.openqa.selenium.SessionNotCreatedException" message="Could not start a new session. Response code 500. Message: An unknown server-side error occurred while processing the command. Original error: Appium Settings app is not running after 5000ms 
Host info: host: &amp;apos;DESKTOP-KC70OC4&amp;apos;, ip: &amp;apos;192.168.29.145&amp;apos;
Build info: version: &amp;apos;4.13.0&amp;apos;, revision: &amp;apos;ba948ece5b*&amp;apos;
System info: os.name: &amp;apos;Windows 11&amp;apos;, os.arch: &amp;apos;amd64&amp;apos;, os.version: &amp;apos;10.0&amp;apos;, java.version: &amp;apos;17.0.7&amp;apos;
Driver info: io.appium.java_client.android.AndroidDriver
Command: [null, newSession {capabilities=[{appium:appActivity=org.plasticbank.app.MainActivity, appium:appPackage=org.plasticbank.app, appium:automationName=Appium, appium:deviceName=Android Emulator, appium:newCommandTimeout=9000, platformName=ANDROID, appium:platformVersion=11.0, appium:udid=emulator-5554}], desiredCapabilities=Capabilities {appActivity: org.plasticbank.app.MainAct..., appPackage: org.plasticbank.app, automationName: Appium, deviceName: Android Emulator, newCommandTimeout: 9000, platformName: ANDROID, platformVersion: 11.0, udid: emulator-5554}}]
Capabilities {appActivity: org.plasticbank.app.MainAct..., appPackage: org.plasticbank.app, automationName: Appium, deviceName: Android Emulator, newCommandTimeout: 9000, platformName: ANDROID, platformVersion: 11.0, udid: emulator-5554}">
      <![CDATA[org.openqa.selenium.SessionNotCreatedException: Could not start a new session. Response code 500. Message: An unknown server-side error occurred while processing the command. Original error: Appium Settings app is not running after 5000ms 
Host info: host: 'DESKTOP-KC70OC4', ip: '192.168.29.145'
Build info: version: '4.13.0', revision: 'ba948ece5b*'
System info: os.name: 'Windows 11', os.arch: 'amd64', os.version: '10.0', java.version: '17.0.7'
Driver info: io.appium.java_client.android.AndroidDriver
Command: [null, newSession {capabilities=[{appium:appActivity=org.plasticbank.app.MainActivity, appium:appPackage=org.plasticbank.app, appium:automationName=Appium, appium:deviceName=Android Emulator, appium:newCommandTimeout=9000, platformName=ANDROID, appium:platformVersion=11.0, appium:udid=emulator-5554}], desiredCapabilities=Capabilities {appActivity: org.plasticbank.app.MainAct..., appPackage: org.plasticbank.app, automationName: Appium, deviceName: Android Emulator, newCommandTimeout: 9000, platformName: ANDROID, platformVersion: 11.0, udid: emulator-5554}}]
Capabilities {appActivity: org.plasticbank.app.MainAct..., appPackage: org.plasticbank.app, automationName: Appium, deviceName: Android Emulator, newCommandTimeout: 9000, platformName: ANDROID, platformVersion: 11.0, udid: emulator-5554}
at org.openqa.selenium.remote.ProtocolHandshake.createSession(ProtocolHandshake.java:140)
at io.appium.java_client.remote.AppiumProtocolHandshake.createSession(AppiumProtocolHandshake.java:133)
at io.appium.java_client.remote.AppiumProtocolHandshake.createSession(AppiumProtocolHandshake.java:102)
at io.appium.java_client.remote.AppiumCommandExecutor.createSession(AppiumCommandExecutor.java:182)
at io.appium.java_client.remote.AppiumCommandExecutor.execute(AppiumCommandExecutor.java:250)
at org.openqa.selenium.remote.RemoteWebDriver.execute(RemoteWebDriver.java:602)
at io.appium.java_client.AppiumDriver.startSession(AppiumDriver.java:274)
at org.openqa.selenium.remote.RemoteWebDriver.<init>(RemoteWebDriver.java:163)
at io.appium.java_client.AppiumDriver.<init>(AppiumDriver.java:89)
at io.appium.java_client.AppiumDriver.<init>(AppiumDriver.java:101)
at io.appium.java_client.android.AndroidDriver.<init>(AndroidDriver.java:113)
at Utilities.BaseClass.setup(BaseClass.java:160)
at java.base/java.util.ArrayList.forEach(ArrayList.java:1511)
... Removed 29 stack frames]]>
    </failure>
  </testcase> <!-- @BeforeClass setup -->
  <testcase classname="Utilities.BaseClass" name="@AfterMethod afterMethod" time="0.0">
    <skipped/>
  </testcase> <!-- @AfterMethod afterMethod -->
  <testcase classname="Utilities.BaseClass" name="@AfterMethod afterMethod" time="0.0">
    <skipped/>
  </testcase> <!-- @AfterMethod afterMethod -->
  <testcase classname="Utilities.BaseClass" name="@AfterMethod afterMethod" time="0.0">
    <skipped/>
  </testcase> <!-- @AfterMethod afterMethod -->
  <testcase classname="Utilities.BaseClass" name="@AfterMethod afterMethod" time="0.0">
    <skipped/>
  </testcase> <!-- @AfterMethod afterMethod -->
  <testcase classname="Utilities.BaseClass" name="@AfterClass teardown" time="0.0">
    <skipped/>
  </testcase> <!-- @AfterClass teardown -->
  <testcase classname="smoke_Suite.ALC_4350" name="signUp" time="149.577"/>
  <testcase classname="smoke_Suite.ALC_4350" name="loginAlchmey" time="8.744"/>
  <testcase classname="smoke_Suite.ALC_4350" name="VerifyMemberAlchmey" time="86.778"/>
  <testcase classname="smoke_Suite.ALC_4350" name="createBranchAndMember" time="103.384"/>
  <testcase classname="smoke_Suite.ALC_4350" name="EditMemberDetails" time="35.08"/>
  <testcase classname="smoke_Suite.ALC_4350" name="loginBranchMemberPB" time="20.997"/>
  <testcase classname="smoke_Suite.ALC_4350" name="suspendMemberALC" time="31.951"/>
  <testcase classname="smoke_Suite.ALC_4350" name="memberSuspendVerify" time="17.891"/>
  <testcase classname="smoke_Suite.ALC_4350" name="branchSuspendMemberVerification" time="30.026"/>
  <testcase classname="smoke_Suite.ALC_4354" name="createProcessor" time="66.802"/>
  <testcase classname="smoke_Suite.ALC_4354" name="seacrchAndEditProcessorInAlchmey" time="142.335"/>
  <testcase classname="smoke_Suite.ALC_4354" name="VerifyInApp" time="30.663"/>
  <testcase classname="smoke_Suite.ALC_4351" name="openRegisterdBranchInApp" time="20.785"/>
  <testcase classname="smoke_Suite.ALC_4351" name="branchVerifyAndEdit" time="159.749"/>
  <testcase classname="smoke_Suite.ALC_4351" name="verifyEditInApp" time="40.929"/>
  <testcase classname="smoke_Suite.ALC_4351" name="suspendBranch" time="211.293"/>
  <testcase classname="smoke_Suite.ALC_4351" name="verifySuspendedAccount" time="38.218"/>
  <testcase classname="smoke_Suite.ALC_4352" name="createNewStore" time="90.909"/>
  <testcase classname="smoke_Suite.ALC_4352" name="verifyNewStore" time="91.959"/>
  <testcase classname="smoke_Suite.ALC_4365" name="createNewBonusAndSuspendedBonus" time="453.956"/>
  <testcase classname="smoke_Suite.ALC_4365" name="verifyTransactionStoppedBonus" time="66.143"/>
  <testcase classname="smoke_Suite.ALC_4366" name="tokenTransferAndVerifyInOrdersData" time="340.358"/>
  <testcase classname="smoke_Suite.ALC_4366" name="verifyTransferTokenOnApp" time="42.173"/>
  <testcase classname="smoke_Suite.ALC_4357" name="member_Branch1_Transaction_KG_Bonus_App_Assertion" time="171.368"/>
  <testcase classname="smoke_Suite.ALC_4357" name="member_Branch1_Transaction_KG_Bonus_Alchmey_Assertion" time="285.116"/>
  <testcase classname="smoke_Suite.ALC_4357" name="Branch1_Branch2_Transaction_App_Assertions" time="70.287"/>
  <testcase classname="smoke_Suite.ALC_4357" name="Branch1_Branch3_Transaction" time="73.665"/>
  <testcase classname="smoke_Suite.ALC_4357" name="Branch2_Processor_Transaction" time="80.795"/>
  <testcase classname="smoke_Suite.ALC_4357" name="Branch3_Processor_Transaction" time="78.694"/>
  <testcase classname="smoke_Suite.ALC_4357" name="Verify_Bonus_Branch1" time="222.457"/>
  <testcase classname="smoke_Suite.ALC_4357" name="Verify_Bonus_Branch2" time="190.248"/>
  <testcase classname="smoke_Suite.ALC_4357" name="Verify_Bonus_Branch3" time="189.48"/>
  <testcase classname="smoke_Suite.ALC_4357" name="Verify_Bonus_Processor" time="99.894"/>
  <testcase classname="smoke_Suite.ALC_4357" name="Plastic_Chain_Before_Approval" time="100.904"/>
  <testcase classname="smoke_Suite.ALC_4357" name="VerifyBonusOrderRecieptBranchAssertions" time="208.503"/>
  <testcase classname="smoke_Suite.ALC_4357" name="VerifyBonusOrderBranchValueAssertions" time="70.817"/>
  <testcase classname="smoke_Suite.ALC_4357" name="BonusTransferedCheck" time="530.05"/>
  <testcase classname="smoke_Suite.ALC_4357" name="Plastic_Chain_After_Approval" time="99.592"/>
  <testcase classname="smoke_Suite.ALC_4357" name="checkBonusTransferedInApp" time="120.487"/>
  <testcase classname="smoke_Suite.ALC_4362" name="Approve_transactions_In_Bonus_Sell_Buy_Verify_In_BranchExchangeHistory" time="394.45"/>
  <testcase classname="smoke_Suite.ALC_4363" name="Approve_transactions_branch_exchange_history_Verify_In_BonusApproval" time="0.0">
    <skipped/>
  </testcase> <!-- Approve_transactions_branch_exchange_history_Verify_In_BonusApproval -->
  <testcase classname="smoke_Suite.ALC_4361" name="createdata" time="0.0">
    <skipped/>
  </testcase> <!-- createdata -->
  <testcase classname="smoke_Suite.ALC_4361" name="addDonations" time="0.0">
    <skipped/>
  </testcase> <!-- addDonations -->
  <testcase classname="smoke_Suite.ALC_4361" name="doTransactions" time="0.0">
    <skipped/>
  </testcase> <!-- doTransactions -->
  <testcase classname="smoke_Suite.ALC_4361" name="verifyNoBonusForDonations" time="0.0">
    <skipped/>
  </testcase> <!-- verifyNoBonusForDonations -->
  <testcase classname="smoke_Suite.ALC_4359" name="dataCreation" time="0.0">
    <skipped/>
  </testcase> <!-- dataCreation -->
  <testcase classname="smoke_Suite.ALC_4359" name="editMemberUncheckBonus" time="0.0">
    <skipped/>
  </testcase> <!-- editMemberUncheckBonus -->
  <testcase classname="smoke_Suite.ALC_4359" name="verifyBonusPlasticBankWithBranch" time="0.0">
    <skipped/>
  </testcase> <!-- verifyBonusPlasticBankWithBranch -->
  <testcase classname="smoke_Suite.ALC_4359" name="verifyBonusPlasticBankWithProcessor" time="0.0">
    <skipped/>
  </testcase> <!-- verifyBonusPlasticBankWithProcessor -->
  <testcase classname="smoke_Suite.ALC_380" name="create_Store" time="86.319"/>
  <testcase classname="smoke_Suite.ALC_380" name="editDetailsInAlchmey" time="85.69"/>
  <testcase classname="smoke_Suite.ALC_380" name="cashOutTest" time="62.643"/>
  <testcase classname="smoke_Suite.ALC_380" name="verifyInApp" time="7.444"/>
  <testcase classname="smoke_Suite.ALC_380" name="verifyInAlchemy" time="25.264"/>
  <testcase classname="smoke_Suite.ALC_4360" name="makeTransaction" time="92.056"/>
  <testcase classname="smoke_Suite.ALC_4360" name="verifyKgRecycledAndDelayedBonus" time="65.81">
    <failure type="org.openqa.selenium.NoSuchElementException" message="no such element: Unable to locate element: {&amp;quot;method&amp;quot;:&amp;quot;xpath&amp;quot;,&amp;quot;selector&amp;quot;:&amp;quot;//div[text()=&amp;apos;KG Recycled&amp;apos;]/following-sibling::div/div/following-sibling::div/div&amp;quot;}
  (Session info: chrome=117.0.5938.149)
For documentation on this error, please visit: https://www.selenium.dev/documentation/webdriver/troubleshooting/errors#no-such-element-exception
Build info: version: &amp;apos;4.13.0&amp;apos;, revision: &amp;apos;ba948ece5b*&amp;apos;
System info: os.name: &amp;apos;Windows 11&amp;apos;, os.arch: &amp;apos;amd64&amp;apos;, os.version: &amp;apos;10.0&amp;apos;, java.version: &amp;apos;17.0.7&amp;apos;
Driver info: org.openqa.selenium.chrome.ChromeDriver
Command: [757c5cca3f9562c153b644c332f17c3e, findElement {using=xpath, value=//div[text()=&amp;apos;KG Recycled&amp;apos;]/following-sibling::div/div/following-sibling::div/div}]
Capabilities {acceptInsecureCerts: false, browserName: chrome, browserVersion: 117.0.5938.149, chrome: {chromedriverVersion: 117.0.5938.149 (e3344ddefa1..., userDataDir: C:\Users\Fleek\AppData\Loca...}, fedcm:accounts: true, goog:chromeOptions: {debuggerAddress: localhost:65480}, networkConnectionEnabled: false, pageLoadStrategy: normal, platformName: windows, proxy: Proxy(), se:cdp: ws://localhost:65480/devtoo..., se:cdpVersion: 117.0.5938.149, setWindowRect: true, strictFileInteractability: false, timeouts: {implicit: 0, pageLoad: 300000, script: 30000}, unhandledPromptBehavior: dismiss and notify, webauthn:extension:credBlob: true, webauthn:extension:largeBlob: true, webauthn:extension:minPinLength: true, webauthn:extension:prf: true, webauthn:virtualAuthenticators: true}
Session ID: 757c5cca3f9562c153b644c332f17c3e">
      <![CDATA[org.openqa.selenium.NoSuchElementException: no such element: Unable to locate element: {"method":"xpath","selector":"//div[text()='KG Recycled']/following-sibling::div/div/following-sibling::div/div"}
  (Session info: chrome=117.0.5938.149)
For documentation on this error, please visit: https://www.selenium.dev/documentation/webdriver/troubleshooting/errors#no-such-element-exception
Build info: version: '4.13.0', revision: 'ba948ece5b*'
System info: os.name: 'Windows 11', os.arch: 'amd64', os.version: '10.0', java.version: '17.0.7'
Driver info: org.openqa.selenium.chrome.ChromeDriver
Command: [757c5cca3f9562c153b644c332f17c3e, findElement {using=xpath, value=//div[text()='KG Recycled']/following-sibling::div/div/following-sibling::div/div}]
Capabilities {acceptInsecureCerts: false, browserName: chrome, browserVersion: 117.0.5938.149, chrome: {chromedriverVersion: 117.0.5938.149 (e3344ddefa1..., userDataDir: C:\Users\Fleek\AppData\Loca...}, fedcm:accounts: true, goog:chromeOptions: {debuggerAddress: localhost:65480}, networkConnectionEnabled: false, pageLoadStrategy: normal, platformName: windows, proxy: Proxy(), se:cdp: ws://localhost:65480/devtoo..., se:cdpVersion: 117.0.5938.149, setWindowRect: true, strictFileInteractability: false, timeouts: {implicit: 0, pageLoad: 300000, script: 30000}, unhandledPromptBehavior: dismiss and notify, webauthn:extension:credBlob: true, webauthn:extension:largeBlob: true, webauthn:extension:minPinLength: true, webauthn:extension:prf: true, webauthn:virtualAuthenticators: true}
Session ID: 757c5cca3f9562c153b644c332f17c3e
at org.openqa.selenium.remote.codec.w3c.W3CHttpResponseCodec.createException(W3CHttpResponseCodec.java:200)
at org.openqa.selenium.remote.codec.w3c.W3CHttpResponseCodec.decode(W3CHttpResponseCodec.java:133)
at org.openqa.selenium.remote.codec.w3c.W3CHttpResponseCodec.decode(W3CHttpResponseCodec.java:52)
at org.openqa.selenium.remote.HttpCommandExecutor.execute(HttpCommandExecutor.java:191)
at org.openqa.selenium.remote.service.DriverCommandExecutor.invokeExecute(DriverCommandExecutor.java:196)
at org.openqa.selenium.remote.service.DriverCommandExecutor.execute(DriverCommandExecutor.java:171)
at org.openqa.selenium.remote.RemoteWebDriver.execute(RemoteWebDriver.java:602)
at org.openqa.selenium.remote.ElementLocation$ElementFinder$2.findElement(ElementLocation.java:165)
at org.openqa.selenium.remote.ElementLocation.findElement(ElementLocation.java:59)
at org.openqa.selenium.remote.RemoteWebDriver.findElement(RemoteWebDriver.java:359)
at org.openqa.selenium.remote.RemoteWebDriver.findElement(RemoteWebDriver.java:353)
at org.openqa.selenium.support.pagefactory.DefaultElementLocator.findElement(DefaultElementLocator.java:68)
at org.openqa.selenium.support.pagefactory.internal.LocatingElementHandler.invoke(LocatingElementHandler.java:38)
at jdk.proxy2/jdk.proxy2.$Proxy52.isDisplayed(Unknown Source)
at alchemy_Pages.Branches.verifykgrecycled(Branches.java:684)
at smoke_Suite.ALC_4360.verifyKgRecycledAndDelayedBonus(ALC_4360.java:33)
at java.base/java.util.ArrayList.forEach(ArrayList.java:1511)
... Removed 31 stack frames]]>
    </failure>
  </testcase> <!-- verifyKgRecycledAndDelayedBonus -->
  <testcase classname="smoke_Suite.ALC_4360" name="verifyDelayedBonusInApp" time="14.621">
    <failure type="org.openqa.selenium.NoSuchElementException" message="Can&amp;apos;t locate an element by this strategy: By.chained({AppiumBy.androidUIAutomator: new UiSelector().textContains(&amp;quot;lock-bonus&amp;quot;)})">
      <![CDATA[org.openqa.selenium.NoSuchElementException: Can't locate an element by this strategy: By.chained({AppiumBy.androidUIAutomator: new UiSelector().textContains("lock-bonus")})
at io.appium.java_client.pagefactory.AppiumElementLocator.findElement(AppiumElementLocator.java:125)
at io.appium.java_client.pagefactory.interceptors.InterceptorOfASingleElement.call(InterceptorOfASingleElement.java:54)
at io.appium.java_client.proxy.Interceptor.intercept(Interceptor.java:75)
at org.openqa.selenium.remote.RemoteWebElement$ByteBuddy$n3IcIuIW.isDisplayed(Unknown Source)
at plastic_Bank_Pages.PB_Transaction.verifyMemberBonusPresent(PB_Transaction.java:1235)
at smoke_Suite.ALC_4360.verifyDelayedBonusInApp(ALC_4360.java:42)
at java.base/java.util.ArrayList.forEach(ArrayList.java:1511)
Caused by: org.openqa.selenium.TimeoutException: Expected condition failed: waiting for io.appium.java_client.pagefactory.AppiumElementLocator$WaitingFunction@7ce100f8 (tried for 1 second(s) with 500 milliseconds interval)
at org.openqa.selenium.support.ui.FluentWait.timeoutException(FluentWait.java:262)
at org.openqa.selenium.support.ui.FluentWait.until(FluentWait.java:230)
at io.appium.java_client.pagefactory.AppiumElementLocator.waitFor(AppiumElementLocator.java:98)
at io.appium.java_client.pagefactory.AppiumElementLocator.findElement(AppiumElementLocator.java:118)
... 33 more
Caused by: org.openqa.selenium.NoSuchElementException: Cannot locate an element using By.chained({AppiumBy.androidUIAutomator: new UiSelector().textContains("lock-bonus")})
For documentation on this error, please visit: https://www.selenium.dev/documentation/webdriver/troubleshooting/errors#no-such-element-exception
Build info: version: '4.13.0', revision: 'ba948ece5b*'
System info: os.name: 'Windows 11', os.arch: 'amd64', os.version: '10.0', java.version: '17.0.7'
Driver info: driver.version: RemoteWebDriver
at io.appium.java_client.pagefactory.bys.builder.ByChained.findElement(ByChained.java:77)
at org.openqa.selenium.remote.ElementLocation$ElementFinder$1.findElement(ElementLocation.java:139)
at org.openqa.selenium.remote.ElementLocation.findElement(ElementLocation.java:59)
at org.openqa.selenium.remote.RemoteWebDriver.findElement(RemoteWebDriver.java:359)
at org.openqa.selenium.remote.RemoteWebDriver.findElement(RemoteWebDriver.java:353)
at io.appium.java_client.pagefactory.bys.ContentMappedBy.findElement(ContentMappedBy.java:50)
at org.openqa.selenium.remote.ElementLocation$ElementFinder$1.findElement(ElementLocation.java:139)
at org.openqa.selenium.remote.ElementLocation.findElement(ElementLocation.java:59)
at org.openqa.selenium.remote.RemoteWebDriver.findElement(RemoteWebDriver.java:359)
at org.openqa.selenium.remote.RemoteWebDriver.findElement(RemoteWebDriver.java:353)
at io.appium.java_client.pagefactory.AppiumElementLocator.lambda$findElement$0(AppiumElementLocator.java:119)
at io.appium.java_client.pagefactory.AppiumElementLocator$WaitingFunction.apply(AppiumElementLocator.java:171)
at io.appium.java_client.pagefactory.AppiumElementLocator$WaitingFunction.apply(AppiumElementLocator.java:164)
at org.openqa.selenium.support.ui.FluentWait.until(FluentWait.java:205)
... 35 more
... Removed 27 stack frames]]>
    </failure>
  </testcase> <!-- verifyDelayedBonusInApp -->
  <testcase classname="smoke_Suite.ALC_4360" name="verifyBuySellTransactionInBonusOrder" time="60.616">
    <failure type="org.openqa.selenium.NoSuchElementException" message="no such element: Unable to locate element: {&amp;quot;method&amp;quot;:&amp;quot;xpath&amp;quot;,&amp;quot;selector&amp;quot;:&amp;quot;//div[text()=&amp;apos;Exchange History &amp;apos;]&amp;quot;}
  (Session info: chrome=117.0.5938.149)
For documentation on this error, please visit: https://www.selenium.dev/documentation/webdriver/troubleshooting/errors#no-such-element-exception
Build info: version: &amp;apos;4.13.0&amp;apos;, revision: &amp;apos;ba948ece5b*&amp;apos;
System info: os.name: &amp;apos;Windows 11&amp;apos;, os.arch: &amp;apos;amd64&amp;apos;, os.version: &amp;apos;10.0&amp;apos;, java.version: &amp;apos;17.0.7&amp;apos;
Driver info: org.openqa.selenium.chrome.ChromeDriver
Command: [757c5cca3f9562c153b644c332f17c3e, findElement {using=xpath, value=//div[text()=&amp;apos;Exchange History &amp;apos;]}]
Capabilities {acceptInsecureCerts: false, browserName: chrome, browserVersion: 117.0.5938.149, chrome: {chromedriverVersion: 117.0.5938.149 (e3344ddefa1..., userDataDir: C:\Users\Fleek\AppData\Loca...}, fedcm:accounts: true, goog:chromeOptions: {debuggerAddress: localhost:65480}, networkConnectionEnabled: false, pageLoadStrategy: normal, platformName: windows, proxy: Proxy(), se:cdp: ws://localhost:65480/devtoo..., se:cdpVersion: 117.0.5938.149, setWindowRect: true, strictFileInteractability: false, timeouts: {implicit: 0, pageLoad: 300000, script: 30000}, unhandledPromptBehavior: dismiss and notify, webauthn:extension:credBlob: true, webauthn:extension:largeBlob: true, webauthn:extension:minPinLength: true, webauthn:extension:prf: true, webauthn:virtualAuthenticators: true}
Session ID: 757c5cca3f9562c153b644c332f17c3e">
      <![CDATA[org.openqa.selenium.NoSuchElementException: no such element: Unable to locate element: {"method":"xpath","selector":"//div[text()='Exchange History ']"}
  (Session info: chrome=117.0.5938.149)
For documentation on this error, please visit: https://www.selenium.dev/documentation/webdriver/troubleshooting/errors#no-such-element-exception
Build info: version: '4.13.0', revision: 'ba948ece5b*'
System info: os.name: 'Windows 11', os.arch: 'amd64', os.version: '10.0', java.version: '17.0.7'
Driver info: org.openqa.selenium.chrome.ChromeDriver
Command: [757c5cca3f9562c153b644c332f17c3e, findElement {using=xpath, value=//div[text()='Exchange History ']}]
Capabilities {acceptInsecureCerts: false, browserName: chrome, browserVersion: 117.0.5938.149, chrome: {chromedriverVersion: 117.0.5938.149 (e3344ddefa1..., userDataDir: C:\Users\Fleek\AppData\Loca...}, fedcm:accounts: true, goog:chromeOptions: {debuggerAddress: localhost:65480}, networkConnectionEnabled: false, pageLoadStrategy: normal, platformName: windows, proxy: Proxy(), se:cdp: ws://localhost:65480/devtoo..., se:cdpVersion: 117.0.5938.149, setWindowRect: true, strictFileInteractability: false, timeouts: {implicit: 0, pageLoad: 300000, script: 30000}, unhandledPromptBehavior: dismiss and notify, webauthn:extension:credBlob: true, webauthn:extension:largeBlob: true, webauthn:extension:minPinLength: true, webauthn:extension:prf: true, webauthn:virtualAuthenticators: true}
Session ID: 757c5cca3f9562c153b644c332f17c3e
at org.openqa.selenium.remote.codec.w3c.W3CHttpResponseCodec.createException(W3CHttpResponseCodec.java:200)
at org.openqa.selenium.remote.codec.w3c.W3CHttpResponseCodec.decode(W3CHttpResponseCodec.java:133)
at org.openqa.selenium.remote.codec.w3c.W3CHttpResponseCodec.decode(W3CHttpResponseCodec.java:52)
at org.openqa.selenium.remote.HttpCommandExecutor.execute(HttpCommandExecutor.java:191)
at org.openqa.selenium.remote.service.DriverCommandExecutor.invokeExecute(DriverCommandExecutor.java:196)
at org.openqa.selenium.remote.service.DriverCommandExecutor.execute(DriverCommandExecutor.java:171)
at org.openqa.selenium.remote.RemoteWebDriver.execute(RemoteWebDriver.java:602)
at org.openqa.selenium.remote.ElementLocation$ElementFinder$2.findElement(ElementLocation.java:165)
at org.openqa.selenium.remote.ElementLocation.findElement(ElementLocation.java:59)
at org.openqa.selenium.remote.RemoteWebDriver.findElement(RemoteWebDriver.java:359)
at org.openqa.selenium.remote.RemoteWebDriver.findElement(RemoteWebDriver.java:353)
at org.openqa.selenium.support.pagefactory.DefaultElementLocator.findElement(DefaultElementLocator.java:68)
at org.openqa.selenium.support.pagefactory.internal.LocatingElementHandler.invoke(LocatingElementHandler.java:38)
at jdk.proxy2/jdk.proxy2.$Proxy52.click(Unknown Source)
at alchemy_Pages.Orders.buySellPresent(Orders.java:507)
at smoke_Suite.ALC_4360.verifyBuySellTransactionInBonusOrder(ALC_4360.java:59)
at java.base/java.util.ArrayList.forEach(ArrayList.java:1511)
... Removed 31 stack frames]]>
    </failure>
  </testcase> <!-- verifyBuySellTransactionInBonusOrder -->
  <testcase classname="smoke_Suite.ALC_4360" name="disablebonusAndVerifyExchangeHistory" time="60.256">
    <failure type="org.openqa.selenium.NoSuchElementException" message="no such element: Unable to locate element: {&amp;quot;method&amp;quot;:&amp;quot;xpath&amp;quot;,&amp;quot;selector&amp;quot;:&amp;quot;//a[text()=&amp;apos;Exchange History&amp;apos;]&amp;quot;}
  (Session info: chrome=117.0.5938.149)
For documentation on this error, please visit: https://www.selenium.dev/documentation/webdriver/troubleshooting/errors#no-such-element-exception
Build info: version: &amp;apos;4.13.0&amp;apos;, revision: &amp;apos;ba948ece5b*&amp;apos;
System info: os.name: &amp;apos;Windows 11&amp;apos;, os.arch: &amp;apos;amd64&amp;apos;, os.version: &amp;apos;10.0&amp;apos;, java.version: &amp;apos;17.0.7&amp;apos;
Driver info: org.openqa.selenium.chrome.ChromeDriver
Command: [757c5cca3f9562c153b644c332f17c3e, findElement {using=xpath, value=//a[text()=&amp;apos;Exchange History&amp;apos;]}]
Capabilities {acceptInsecureCerts: false, browserName: chrome, browserVersion: 117.0.5938.149, chrome: {chromedriverVersion: 117.0.5938.149 (e3344ddefa1..., userDataDir: C:\Users\Fleek\AppData\Loca...}, fedcm:accounts: true, goog:chromeOptions: {debuggerAddress: localhost:65480}, networkConnectionEnabled: false, pageLoadStrategy: normal, platformName: windows, proxy: Proxy(), se:cdp: ws://localhost:65480/devtoo..., se:cdpVersion: 117.0.5938.149, setWindowRect: true, strictFileInteractability: false, timeouts: {implicit: 0, pageLoad: 300000, script: 30000}, unhandledPromptBehavior: dismiss and notify, webauthn:extension:credBlob: true, webauthn:extension:largeBlob: true, webauthn:extension:minPinLength: true, webauthn:extension:prf: true, webauthn:virtualAuthenticators: true}
Session ID: 757c5cca3f9562c153b644c332f17c3e">
      <![CDATA[org.openqa.selenium.NoSuchElementException: no such element: Unable to locate element: {"method":"xpath","selector":"//a[text()='Exchange History']"}
  (Session info: chrome=117.0.5938.149)
For documentation on this error, please visit: https://www.selenium.dev/documentation/webdriver/troubleshooting/errors#no-such-element-exception
Build info: version: '4.13.0', revision: 'ba948ece5b*'
System info: os.name: 'Windows 11', os.arch: 'amd64', os.version: '10.0', java.version: '17.0.7'
Driver info: org.openqa.selenium.chrome.ChromeDriver
Command: [757c5cca3f9562c153b644c332f17c3e, findElement {using=xpath, value=//a[text()='Exchange History']}]
Capabilities {acceptInsecureCerts: false, browserName: chrome, browserVersion: 117.0.5938.149, chrome: {chromedriverVersion: 117.0.5938.149 (e3344ddefa1..., userDataDir: C:\Users\Fleek\AppData\Loca...}, fedcm:accounts: true, goog:chromeOptions: {debuggerAddress: localhost:65480}, networkConnectionEnabled: false, pageLoadStrategy: normal, platformName: windows, proxy: Proxy(), se:cdp: ws://localhost:65480/devtoo..., se:cdpVersion: 117.0.5938.149, setWindowRect: true, strictFileInteractability: false, timeouts: {implicit: 0, pageLoad: 300000, script: 30000}, unhandledPromptBehavior: dismiss and notify, webauthn:extension:credBlob: true, webauthn:extension:largeBlob: true, webauthn:extension:minPinLength: true, webauthn:extension:prf: true, webauthn:virtualAuthenticators: true}
Session ID: 757c5cca3f9562c153b644c332f17c3e
at org.openqa.selenium.remote.codec.w3c.W3CHttpResponseCodec.createException(W3CHttpResponseCodec.java:200)
at org.openqa.selenium.remote.codec.w3c.W3CHttpResponseCodec.decode(W3CHttpResponseCodec.java:133)
at org.openqa.selenium.remote.codec.w3c.W3CHttpResponseCodec.decode(W3CHttpResponseCodec.java:52)
at org.openqa.selenium.remote.HttpCommandExecutor.execute(HttpCommandExecutor.java:191)
at org.openqa.selenium.remote.service.DriverCommandExecutor.invokeExecute(DriverCommandExecutor.java:196)
at org.openqa.selenium.remote.service.DriverCommandExecutor.execute(DriverCommandExecutor.java:171)
at org.openqa.selenium.remote.RemoteWebDriver.execute(RemoteWebDriver.java:602)
at org.openqa.selenium.remote.ElementLocation$ElementFinder$2.findElement(ElementLocation.java:165)
at org.openqa.selenium.remote.ElementLocation.findElement(ElementLocation.java:59)
at org.openqa.selenium.remote.RemoteWebDriver.findElement(RemoteWebDriver.java:359)
at org.openqa.selenium.remote.RemoteWebDriver.findElement(RemoteWebDriver.java:353)
at org.openqa.selenium.support.pagefactory.DefaultElementLocator.findElement(DefaultElementLocator.java:68)
at org.openqa.selenium.support.pagefactory.internal.LocatingElementHandler.invoke(LocatingElementHandler.java:38)
at jdk.proxy2/jdk.proxy2.$Proxy52.click(Unknown Source)
at alchemy_Pages.Branches.disablebonus(Branches.java:760)
at smoke_Suite.ALC_4360.disablebonusAndVerifyExchangeHistory(ALC_4360.java:65)
at java.base/java.util.ArrayList.forEach(ArrayList.java:1511)
... Removed 31 stack frames]]>
    </failure>
  </testcase> <!-- disablebonusAndVerifyExchangeHistory -->
  <testcase classname="smoke_Suite.ALC_4360" name="verifyBuySellRemovedBonusInBonusOrderSummary" time="60.246">
    <failure type="org.openqa.selenium.NoSuchElementException" message="no such element: Unable to locate element: {&amp;quot;method&amp;quot;:&amp;quot;xpath&amp;quot;,&amp;quot;selector&amp;quot;:&amp;quot;//div[text()=&amp;apos;Bonus Approval &amp;apos;]&amp;quot;}
  (Session info: chrome=117.0.5938.149)
For documentation on this error, please visit: https://www.selenium.dev/documentation/webdriver/troubleshooting/errors#no-such-element-exception
Build info: version: &amp;apos;4.13.0&amp;apos;, revision: &amp;apos;ba948ece5b*&amp;apos;
System info: os.name: &amp;apos;Windows 11&amp;apos;, os.arch: &amp;apos;amd64&amp;apos;, os.version: &amp;apos;10.0&amp;apos;, java.version: &amp;apos;17.0.7&amp;apos;
Driver info: org.openqa.selenium.chrome.ChromeDriver
Command: [757c5cca3f9562c153b644c332f17c3e, findElement {using=xpath, value=//div[text()=&amp;apos;Bonus Approval &amp;apos;]}]
Capabilities {acceptInsecureCerts: false, browserName: chrome, browserVersion: 117.0.5938.149, chrome: {chromedriverVersion: 117.0.5938.149 (e3344ddefa1..., userDataDir: C:\Users\Fleek\AppData\Loca...}, fedcm:accounts: true, goog:chromeOptions: {debuggerAddress: localhost:65480}, networkConnectionEnabled: false, pageLoadStrategy: normal, platformName: windows, proxy: Proxy(), se:cdp: ws://localhost:65480/devtoo..., se:cdpVersion: 117.0.5938.149, setWindowRect: true, strictFileInteractability: false, timeouts: {implicit: 0, pageLoad: 300000, script: 30000}, unhandledPromptBehavior: dismiss and notify, webauthn:extension:credBlob: true, webauthn:extension:largeBlob: true, webauthn:extension:minPinLength: true, webauthn:extension:prf: true, webauthn:virtualAuthenticators: true}
Session ID: 757c5cca3f9562c153b644c332f17c3e">
      <![CDATA[org.openqa.selenium.NoSuchElementException: no such element: Unable to locate element: {"method":"xpath","selector":"//div[text()='Bonus Approval ']"}
  (Session info: chrome=117.0.5938.149)
For documentation on this error, please visit: https://www.selenium.dev/documentation/webdriver/troubleshooting/errors#no-such-element-exception
Build info: version: '4.13.0', revision: 'ba948ece5b*'
System info: os.name: 'Windows 11', os.arch: 'amd64', os.version: '10.0', java.version: '17.0.7'
Driver info: org.openqa.selenium.chrome.ChromeDriver
Command: [757c5cca3f9562c153b644c332f17c3e, findElement {using=xpath, value=//div[text()='Bonus Approval ']}]
Capabilities {acceptInsecureCerts: false, browserName: chrome, browserVersion: 117.0.5938.149, chrome: {chromedriverVersion: 117.0.5938.149 (e3344ddefa1..., userDataDir: C:\Users\Fleek\AppData\Loca...}, fedcm:accounts: true, goog:chromeOptions: {debuggerAddress: localhost:65480}, networkConnectionEnabled: false, pageLoadStrategy: normal, platformName: windows, proxy: Proxy(), se:cdp: ws://localhost:65480/devtoo..., se:cdpVersion: 117.0.5938.149, setWindowRect: true, strictFileInteractability: false, timeouts: {implicit: 0, pageLoad: 300000, script: 30000}, unhandledPromptBehavior: dismiss and notify, webauthn:extension:credBlob: true, webauthn:extension:largeBlob: true, webauthn:extension:minPinLength: true, webauthn:extension:prf: true, webauthn:virtualAuthenticators: true}
Session ID: 757c5cca3f9562c153b644c332f17c3e
at org.openqa.selenium.remote.codec.w3c.W3CHttpResponseCodec.createException(W3CHttpResponseCodec.java:200)
at org.openqa.selenium.remote.codec.w3c.W3CHttpResponseCodec.decode(W3CHttpResponseCodec.java:133)
at org.openqa.selenium.remote.codec.w3c.W3CHttpResponseCodec.decode(W3CHttpResponseCodec.java:52)
at org.openqa.selenium.remote.HttpCommandExecutor.execute(HttpCommandExecutor.java:191)
at org.openqa.selenium.remote.service.DriverCommandExecutor.invokeExecute(DriverCommandExecutor.java:196)
at org.openqa.selenium.remote.service.DriverCommandExecutor.execute(DriverCommandExecutor.java:171)
at org.openqa.selenium.remote.RemoteWebDriver.execute(RemoteWebDriver.java:602)
at org.openqa.selenium.remote.ElementLocation$ElementFinder$2.findElement(ElementLocation.java:165)
at org.openqa.selenium.remote.ElementLocation.findElement(ElementLocation.java:59)
at org.openqa.selenium.remote.RemoteWebDriver.findElement(RemoteWebDriver.java:359)
at org.openqa.selenium.remote.RemoteWebDriver.findElement(RemoteWebDriver.java:353)
at org.openqa.selenium.support.pagefactory.DefaultElementLocator.findElement(DefaultElementLocator.java:68)
at org.openqa.selenium.support.pagefactory.internal.LocatingElementHandler.invoke(LocatingElementHandler.java:38)
at jdk.proxy2/jdk.proxy2.$Proxy52.click(Unknown Source)
at alchemy_Pages.Orders.verifyBonusOrderSummaryAndApprovalSteps(Orders.java:599)
at smoke_Suite.ALC_4360.verifyBuySellRemovedBonusInBonusOrderSummary(ALC_4360.java:71)
at java.base/java.util.ArrayList.forEach(ArrayList.java:1511)
... Removed 31 stack frames]]>
    </failure>
  </testcase> <!-- verifyBuySellRemovedBonusInBonusOrderSummary -->
  <testcase classname="smoke_Suite.ALC_4360" name="delayedBonusRemovedInApp" time="40.473">
    <failure type="org.openqa.selenium.TimeoutException" message="Expected condition failed: waiting for condition (visibility of Located by By.chained({AppiumBy.androidUIAutomator: new UiSelector().text(&amp;quot;menu&amp;quot;)})) to be refreshed (tried for 10 second(s) with 500 milliseconds interval)">
      <![CDATA[org.openqa.selenium.TimeoutException: Expected condition failed: waiting for condition (visibility of Located by By.chained({AppiumBy.androidUIAutomator: new UiSelector().text("menu")})) to be refreshed (tried for 10 second(s) with 500 milliseconds interval)
at org.openqa.selenium.support.ui.WebDriverWait.timeoutException(WebDriverWait.java:84)
at org.openqa.selenium.support.ui.FluentWait.until(FluentWait.java:230)
at plastic_Bank_Pages.PB_Transaction.verifyMemberBonusNotPresent(PB_Transaction.java:1333)
at smoke_Suite.ALC_4360.delayedBonusRemovedInApp(ALC_4360.java:79)
at java.base/java.util.ArrayList.forEach(ArrayList.java:1511)
Caused by: org.openqa.selenium.NoSuchElementException: Can't locate an element by this strategy: By.chained({AppiumBy.androidUIAutomator: new UiSelector().text("menu")})
at io.appium.java_client.pagefactory.AppiumElementLocator.findElement(AppiumElementLocator.java:125)
at io.appium.java_client.pagefactory.interceptors.InterceptorOfASingleElement.call(InterceptorOfASingleElement.java:54)
at io.appium.java_client.proxy.Interceptor.intercept(Interceptor.java:75)
at org.openqa.selenium.remote.RemoteWebElement$ByteBuddy$LMCm2r9n.isDisplayed(Unknown Source)
at org.openqa.selenium.support.ui.ExpectedConditions.elementIfVisible(ExpectedConditions.java:304)
at org.openqa.selenium.support.ui.ExpectedConditions.access$000(ExpectedConditions.java:37)
at org.openqa.selenium.support.ui.ExpectedConditions$10.apply(ExpectedConditions.java:290)
at org.openqa.selenium.support.ui.ExpectedConditions$10.apply(ExpectedConditions.java:287)
at org.openqa.selenium.support.ui.ExpectedConditions$25.apply(ExpectedConditions.java:717)
at org.openqa.selenium.support.ui.ExpectedConditions$25.apply(ExpectedConditions.java:713)
at org.openqa.selenium.support.ui.FluentWait.until(FluentWait.java:205)
... 30 more
Caused by: org.openqa.selenium.TimeoutException: Expected condition failed: waiting for io.appium.java_client.pagefactory.AppiumElementLocator$WaitingFunction@653bd850 (tried for 1 second(s) with 500 milliseconds interval)
at org.openqa.selenium.support.ui.FluentWait.timeoutException(FluentWait.java:262)
at org.openqa.selenium.support.ui.FluentWait.until(FluentWait.java:230)
at io.appium.java_client.pagefactory.AppiumElementLocator.waitFor(AppiumElementLocator.java:98)
at io.appium.java_client.pagefactory.AppiumElementLocator.findElement(AppiumElementLocator.java:118)
... 40 more
Caused by: org.openqa.selenium.NoSuchElementException: Cannot locate an element using By.chained({AppiumBy.androidUIAutomator: new UiSelector().text("menu")})
For documentation on this error, please visit: https://www.selenium.dev/documentation/webdriver/troubleshooting/errors#no-such-element-exception
Build info: version: '4.13.0', revision: 'ba948ece5b*'
System info: os.name: 'Windows 11', os.arch: 'amd64', os.version: '10.0', java.version: '17.0.7'
Driver info: driver.version: RemoteWebDriver
at io.appium.java_client.pagefactory.bys.builder.ByChained.findElement(ByChained.java:77)
at org.openqa.selenium.remote.ElementLocation$ElementFinder$1.findElement(ElementLocation.java:139)
at org.openqa.selenium.remote.ElementLocation.findElement(ElementLocation.java:59)
at org.openqa.selenium.remote.RemoteWebDriver.findElement(RemoteWebDriver.java:359)
at org.openqa.selenium.remote.RemoteWebDriver.findElement(RemoteWebDriver.java:353)
at io.appium.java_client.pagefactory.bys.ContentMappedBy.findElement(ContentMappedBy.java:50)
at org.openqa.selenium.remote.ElementLocation$ElementFinder$1.findElement(ElementLocation.java:139)
at org.openqa.selenium.remote.ElementLocation.findElement(ElementLocation.java:59)
at org.openqa.selenium.remote.RemoteWebDriver.findElement(RemoteWebDriver.java:359)
at org.openqa.selenium.remote.RemoteWebDriver.findElement(RemoteWebDriver.java:353)
at io.appium.java_client.pagefactory.AppiumElementLocator.lambda$findElement$0(AppiumElementLocator.java:119)
at io.appium.java_client.pagefactory.AppiumElementLocator$WaitingFunction.apply(AppiumElementLocator.java:171)
at io.appium.java_client.pagefactory.AppiumElementLocator$WaitingFunction.apply(AppiumElementLocator.java:164)
at org.openqa.selenium.support.ui.FluentWait.until(FluentWait.java:205)
... 42 more
... Removed 27 stack frames]]>
    </failure>
  </testcase> <!-- delayedBonusRemovedInApp -->
  <testcase classname="Utilities.BaseClass" name="@BeforeSuite generateRandomNumber" time="0.0">
    <ignored/>
  </testcase> <!-- @BeforeSuite generateRandomNumber -->
  <testcase classname="Utilities.BaseClass" name="@BeforeSuite generateRandomLastName" time="0.0">
    <ignored/>
  </testcase> <!-- @BeforeSuite generateRandomLastName -->
  <testcase classname="Utilities.BaseClass" name="@BeforeSuite generateBranchMemberName" time="0.0">
    <ignored/>
  </testcase> <!-- @BeforeSuite generateBranchMemberName -->
  <testcase classname="Utilities.BaseClass" name="@BeforeSuite generateRandomBranchMemberNumber" time="0.0">
    <ignored/>
  </testcase> <!-- @BeforeSuite generateRandomBranchMemberNumber -->
  <testcase classname="Utilities.BaseClass" name="@BeforeSuite generateRandomBranchMemberNumber" time="0.0">
    <ignored/>
  </testcase> <!-- @BeforeSuite generateRandomBranchMemberNumber -->
  <testcase classname="Utilities.BaseClass" name="@BeforeSuite generateRandomLastName" time="0.0">
    <ignored/>
  </testcase> <!-- @BeforeSuite generateRandomLastName -->
  <testcase classname="Utilities.BaseClass" name="@BeforeSuite generateBranchName" time="0.0">
    <ignored/>
  </testcase> <!-- @BeforeSuite generateBranchName -->
  <testcase classname="Utilities.BaseClass" name="@BeforeSuite generateRandomBranchMemberNumber" time="0.0">
    <ignored/>
  </testcase> <!-- @BeforeSuite generateRandomBranchMemberNumber -->
  <testcase classname="Utilities.BaseClass" name="@BeforeSuite generateBranchMemberName" time="0.0">
    <ignored/>
  </testcase> <!-- @BeforeSuite generateBranchMemberName -->
  <testcase classname="Utilities.BaseClass" name="@BeforeSuite generateRandomLastName" time="0.0">
    <ignored/>
  </testcase> <!-- @BeforeSuite generateRandomLastName -->
  <testcase classname="Utilities.BaseClass" name="@BeforeSuite generateRandomNumber" time="0.0">
    <ignored/>
  </testcase> <!-- @BeforeSuite generateRandomNumber -->
  <testcase classname="Utilities.BaseClass" name="@BeforeSuite generateBranchName" time="0.0">
    <ignored/>
  </testcase> <!-- @BeforeSuite generateBranchName -->
  <testcase classname="Utilities.BaseClass" name="@BeforeSuite generateBranchName" time="0.0">
    <ignored/>
  </testcase> <!-- @BeforeSuite generateBranchName -->
  <testcase classname="Utilities.BaseClass" name="@BeforeSuite generateRandomBranchMemberNumber" time="0.0">
    <ignored/>
  </testcase> <!-- @BeforeSuite generateRandomBranchMemberNumber -->
  <testcase classname="Utilities.BaseClass" name="@BeforeSuite generateBranchMemberName" time="0.0">
    <ignored/>
  </testcase> <!-- @BeforeSuite generateBranchMemberName -->
  <testcase classname="Utilities.BaseClass" name="@BeforeSuite generateBranchMemberName" time="0.0">
    <ignored/>
  </testcase> <!-- @BeforeSuite generateBranchMemberName -->
  <testcase classname="Utilities.BaseClass" name="@BeforeSuite generateRandomBranchMemberNumber" time="0.0">
    <ignored/>
  </testcase> <!-- @BeforeSuite generateRandomBranchMemberNumber -->
  <testcase classname="Utilities.BaseClass" name="@BeforeSuite generateBranchMemberName" time="0.0">
    <ignored/>
  </testcase> <!-- @BeforeSuite generateBranchMemberName -->
  <testcase classname="Utilities.BaseClass" name="@BeforeSuite generateRandomNumber" time="0.0">
    <ignored/>
  </testcase> <!-- @BeforeSuite generateRandomNumber -->
  <testcase classname="Utilities.BaseClass" name="@BeforeSuite generateBranchName" time="0.0">
    <ignored/>
  </testcase> <!-- @BeforeSuite generateBranchName -->
  <testcase classname="Utilities.BaseClass" name="@BeforeSuite generateBranchName" time="0.0">
    <ignored/>
  </testcase> <!-- @BeforeSuite generateBranchName -->
  <testcase classname="Utilities.BaseClass" name="@BeforeSuite generateRandomNumber" time="0.0">
    <ignored/>
  </testcase> <!-- @BeforeSuite generateRandomNumber -->
  <testcase classname="Utilities.BaseClass" name="@BeforeSuite generateBranchMemberName" time="0.0">
    <ignored/>
  </testcase> <!-- @BeforeSuite generateBranchMemberName -->
  <testcase classname="Utilities.BaseClass" name="@BeforeSuite generateRandomBranchMemberNumber" time="0.0">
    <ignored/>
  </testcase> <!-- @BeforeSuite generateRandomBranchMemberNumber -->
  <testcase classname="Utilities.BaseClass" name="@BeforeSuite generateRandomNumber" time="0.0">
    <ignored/>
  </testcase> <!-- @BeforeSuite generateRandomNumber -->
  <testcase classname="Utilities.BaseClass" name="@BeforeSuite generateRandomBranchMemberNumber" time="0.0">
    <ignored/>
  </testcase> <!-- @BeforeSuite generateRandomBranchMemberNumber -->
  <testcase classname="Utilities.BaseClass" name="@BeforeSuite generateRandomLastName" time="0.0">
    <ignored/>
  </testcase> <!-- @BeforeSuite generateRandomLastName -->
  <testcase classname="Utilities.BaseClass" name="@BeforeSuite generateBranchMemberName" time="0.0">
    <ignored/>
  </testcase> <!-- @BeforeSuite generateBranchMemberName -->
  <testcase classname="Utilities.BaseClass" name="@BeforeSuite generateBranchMemberName" time="0.0">
    <ignored/>
  </testcase> <!-- @BeforeSuite generateBranchMemberName -->
  <testcase classname="Utilities.BaseClass" name="@BeforeSuite generateRandomBranchMemberNumber" time="0.0">
    <ignored/>
  </testcase> <!-- @BeforeSuite generateRandomBranchMemberNumber -->
  <testcase classname="Utilities.BaseClass" name="@BeforeSuite generateRandomNumber" time="0.0">
    <ignored/>
  </testcase> <!-- @BeforeSuite generateRandomNumber -->
  <testcase classname="Utilities.BaseClass" name="@BeforeSuite generateBranchMemberName" time="0.0">
    <ignored/>
  </testcase> <!-- @BeforeSuite generateBranchMemberName -->
  <testcase classname="Utilities.BaseClass" name="@BeforeSuite generateRandomNumber" time="0.0">
    <ignored/>
  </testcase> <!-- @BeforeSuite generateRandomNumber -->
  <testcase classname="Utilities.BaseClass" name="@BeforeSuite generateRandomNumber" time="0.0">
    <ignored/>
  </testcase> <!-- @BeforeSuite generateRandomNumber -->
  <testcase classname="Utilities.BaseClass" name="@BeforeSuite generateRandomLastName" time="0.0">
    <ignored/>
  </testcase> <!-- @BeforeSuite generateRandomLastName -->
  <testcase classname="Utilities.BaseClass" name="@BeforeSuite generateRandomBranchMemberNumber" time="0.0">
    <ignored/>
  </testcase> <!-- @BeforeSuite generateRandomBranchMemberNumber -->
  <testcase classname="Utilities.BaseClass" name="@BeforeSuite generateRandomNumber" time="0.0">
    <ignored/>
  </testcase> <!-- @BeforeSuite generateRandomNumber -->
  <testcase classname="Utilities.BaseClass" name="@BeforeSuite generateBranchMemberName" time="0.0">
    <ignored/>
  </testcase> <!-- @BeforeSuite generateBranchMemberName -->
  <testcase classname="Utilities.BaseClass" name="@BeforeSuite generateBranchName" time="0.0">
    <ignored/>
  </testcase> <!-- @BeforeSuite generateBranchName -->
  <testcase classname="Utilities.BaseClass" name="@BeforeSuite generateBranchName" time="0.0">
    <ignored/>
  </testcase> <!-- @BeforeSuite generateBranchName -->
  <testcase classname="Utilities.BaseClass" name="@BeforeSuite generateRandomBranchMemberNumber" time="0.0">
    <ignored/>
  </testcase> <!-- @BeforeSuite generateRandomBranchMemberNumber -->
  <testcase classname="Utilities.BaseClass" name="@BeforeSuite generateRandomLastName" time="0.0">
    <ignored/>
  </testcase> <!-- @BeforeSuite generateRandomLastName -->
  <testcase classname="Utilities.BaseClass" name="@BeforeSuite generateBranchName" time="0.0">
    <ignored/>
  </testcase> <!-- @BeforeSuite generateBranchName -->
  <testcase classname="Utilities.BaseClass" name="@BeforeSuite generateRandomLastName" time="0.0">
    <ignored/>
  </testcase> <!-- @BeforeSuite generateRandomLastName -->
  <testcase classname="Utilities.BaseClass" name="@BeforeSuite generateBranchName" time="0.0">
    <ignored/>
  </testcase> <!-- @BeforeSuite generateBranchName -->
  <testcase classname="Utilities.BaseClass" name="@BeforeSuite generateRandomLastName" time="0.0">
    <ignored/>
  </testcase> <!-- @BeforeSuite generateRandomLastName -->
  <testcase classname="Utilities.BaseClass" name="@BeforeSuite generateBranchName" time="0.0">
    <ignored/>
  </testcase> <!-- @BeforeSuite generateBranchName -->
  <testcase classname="Utilities.BaseClass" name="@BeforeSuite generateRandomNumber" time="0.0">
    <ignored/>
  </testcase> <!-- @BeforeSuite generateRandomNumber -->
  <testcase classname="Utilities.BaseClass" name="@BeforeSuite generateRandomLastName" time="0.0">
    <ignored/>
  </testcase> <!-- @BeforeSuite generateRandomLastName -->
  <testcase classname="Utilities.BaseClass" name="@BeforeSuite generateRandomLastName" time="0.0">
    <ignored/>
  </testcase> <!-- @BeforeSuite generateRandomLastName -->
  <testcase classname="Utilities.BaseClass" name="@BeforeSuite generateBranchName" time="0.0">
    <ignored/>
  </testcase> <!-- @BeforeSuite generateBranchName -->
  <testcase classname="Utilities.BaseClass" name="@BeforeSuite generateRandomBranchMemberNumber" time="0.0">
    <ignored/>
  </testcase> <!-- @BeforeSuite generateRandomBranchMemberNumber -->
  <testcase classname="Utilities.BaseClass" name="@BeforeSuite generateBranchMemberName" time="0.0">
    <ignored/>
  </testcase> <!-- @BeforeSuite generateBranchMemberName -->
  <testcase classname="Utilities.BaseClass" name="@BeforeSuite generateRandomBranchMemberNumber" time="0.0">
    <ignored/>
  </testcase> <!-- @BeforeSuite generateRandomBranchMemberNumber -->
  <testcase classname="Utilities.BaseClass" name="@BeforeSuite generateRandomLastName" time="0.0">
    <ignored/>
  </testcase> <!-- @BeforeSuite generateRandomLastName -->
  <testcase classname="Utilities.BaseClass" name="@BeforeSuite generateRandomNumber" time="0.0">
    <ignored/>
  </testcase> <!-- @BeforeSuite generateRandomNumber -->
  <testcase classname="Utilities.BaseClass" name="@BeforeSuite generateRandomNumber" time="0.0">
    <ignored/>
  </testcase> <!-- @BeforeSuite generateRandomNumber -->
  <testcase classname="Utilities.BaseClass" name="@BeforeSuite generateRandomLastName" time="0.0">
    <ignored/>
  </testcase> <!-- @BeforeSuite generateRandomLastName -->
  <testcase classname="Utilities.BaseClass" name="@BeforeSuite generateBranchMemberName" time="0.0">
    <ignored/>
  </testcase> <!-- @BeforeSuite generateBranchMemberName -->
  <testcase classname="Utilities.BaseClass" name="@BeforeSuite generateBranchName" time="0.0">
    <ignored/>
  </testcase> <!-- @BeforeSuite generateBranchName -->
</testsuite> <!-- Test -->
