{"uid":"da45da9274fc18a","name":"Transfer Transactions of a Bonus Order | Verify transaction Verified in Summary Tab and Bonus Approval Before and  after Transfer of Transaction in Master Bonus Order ","fullName":"smoke_Suite.ALC_2627.verifyBonusTransfer","historyId":"baaa0e7ab9d3ad2b37efb27a023e454a","time":{"start":1710229316554,"stop":1710229337626,"duration":21072},"status":"failed","statusMessage":"expected [PET - 200.00KG] but found [PETs - 200.00KG]","statusTrace":"java.lang.AssertionError: expected [PET - 200.00KG] but found [PETs - 200.00KG]\r\n\tat org.testng.Assert.fail(Assert.java:111)\r\n\tat org.testng.Assert.failNotEquals(Assert.java:1578)\r\n\tat org.testng.Assert.assertEqualsImpl(Assert.java:150)\r\n\tat org.testng.Assert.assertEquals(Assert.java:132)\r\n\tat org.testng.Assert.assertEquals(Assert.java:656)\r\n\tat org.testng.Assert.assertEquals(Assert.java:666)\r\n\tat alchemy_Pages.Bonus.verifyTransferedBonus(Bonus.java:1853)\r\n\tat smoke_Suite.ALC_2627.verifyBonusTransfer(ALC_2627.java:37)\r\n\tat java.base/jdk.internal.reflect.NativeMethodAccessorImpl.invoke0(Native Method)\r\n\tat java.base/jdk.internal.reflect.NativeMethodAccessorImpl.invoke(NativeMethodAccessorImpl.java:77)\r\n\tat java.base/jdk.internal.reflect.DelegatingMethodAccessorImpl.invoke(DelegatingMethodAccessorImpl.java:43)\r\n\tat java.base/java.lang.reflect.Method.invoke(Method.java:568)\r\n\tat org.testng.internal.invokers.MethodInvocationHelper.invokeMethod(MethodInvocationHelper.java:139)\r\n\tat org.testng.internal.invokers.TestInvoker.invokeMethod(TestInvoker.java:664)\r\n\tat org.testng.internal.invokers.TestInvoker.invokeTestMethod(TestInvoker.java:227)\r\n\tat org.testng.internal.invokers.MethodRunner.runInSequence(MethodRunner.java:50)\r\n\tat org.testng.internal.invokers.TestInvoker$MethodInvocationAgent.invoke(TestInvoker.java:957)\r\n\tat org.testng.internal.invokers.TestInvoker.invokeTestMethods(TestInvoker.java:200)\r\n\tat org.testng.internal.invokers.TestMethodWorker.invokeTestMethods(TestMethodWorker.java:148)\r\n\tat org.testng.internal.invokers.TestMethodWorker.run(TestMethodWorker.java:128)\r\n\tat java.base/java.util.ArrayList.forEach(ArrayList.java:1511)\r\n\tat org.testng.TestRunner.privateRun(TestRunner.java:848)\r\n\tat org.testng.TestRunner.run(TestRunner.java:621)\r\n\tat org.testng.SuiteRunner.runTest(SuiteRunner.java:443)\r\n\tat org.testng.SuiteRunner.runSequentially(SuiteRunner.java:437)\r\n\tat org.testng.SuiteRunner.privateRun(SuiteRunner.java:397)\r\n\tat org.testng.SuiteRunner.run(SuiteRunner.java:336)\r\n\tat org.testng.SuiteRunnerWorker.runSuite(SuiteRunnerWorker.java:52)\r\n\tat org.testng.SuiteRunnerWorker.run(SuiteRunnerWorker.java:95)\r\n\tat org.testng.TestNG.runSuitesSequentially(TestNG.java:1280)\r\n\tat org.testng.TestNG.runSuitesLocally(TestNG.java:1200)\r\n\tat org.testng.TestNG.runSuites(TestNG.java:1114)\r\n\tat org.testng.TestNG.run(TestNG.java:1082)\r\n\tat org.apache.maven.surefire.testng.TestNGExecutor.run(TestNGExecutor.java:136)\r\n\tat org.apache.maven.surefire.testng.TestNGDirectoryTestSuite.executeSingleClass(TestNGDirectoryTestSuite.java:112)\r\n\tat org.apache.maven.surefire.testng.TestNGDirectoryTestSuite.execute(TestNGDirectoryTestSuite.java:99)\r\n\tat org.apache.maven.surefire.testng.TestNGProvider.invoke(TestNGProvider.java:145)\r\n\tat org.apache.maven.surefire.booter.ForkedBooter.runSuitesInProcess(ForkedBooter.java:428)\r\n\tat org.apache.maven.surefire.booter.ForkedBooter.execute(ForkedBooter.java:162)\r\n\tat org.apache.maven.surefire.booter.ForkedBooter.run(ForkedBooter.java:562)\r\n\tat org.apache.maven.surefire.booter.ForkedBooter.main(ForkedBooter.java:548)\r\n","flaky":false,"newFailed":false,"newBroken":false,"newPassed":false,"retriesCount":26,"retriesStatusChange":true,"beforeStages":[{"name":"setup","time":{"start":1710229094868,"stop":1710229114626,"duration":19758},"description":"","status":"passed","steps":[],"attachments":[],"parameters":[],"shouldDisplayMessage":false,"attachmentsCount":0,"stepsCount":0,"hasContent":false}],"testStage":{"status":"failed","statusMessage":"expected [PET - 200.00KG] but found [PETs - 200.00KG]","statusTrace":"java.lang.AssertionError: expected [PET - 200.00KG] but found [PETs - 200.00KG]\r\n\tat org.testng.Assert.fail(Assert.java:111)\r\n\tat org.testng.Assert.failNotEquals(Assert.java:1578)\r\n\tat org.testng.Assert.assertEqualsImpl(Assert.java:150)\r\n\tat org.testng.Assert.assertEquals(Assert.java:132)\r\n\tat org.testng.Assert.assertEquals(Assert.java:656)\r\n\tat org.testng.Assert.assertEquals(Assert.java:666)\r\n\tat alchemy_Pages.Bonus.verifyTransferedBonus(Bonus.java:1853)\r\n\tat smoke_Suite.ALC_2627.verifyBonusTransfer(ALC_2627.java:37)\r\n\tat java.base/jdk.internal.reflect.NativeMethodAccessorImpl.invoke0(Native Method)\r\n\tat java.base/jdk.internal.reflect.NativeMethodAccessorImpl.invoke(NativeMethodAccessorImpl.java:77)\r\n\tat java.base/jdk.internal.reflect.DelegatingMethodAccessorImpl.invoke(DelegatingMethodAccessorImpl.java:43)\r\n\tat java.base/java.lang.reflect.Method.invoke(Method.java:568)\r\n\tat org.testng.internal.invokers.MethodInvocationHelper.invokeMethod(MethodInvocationHelper.java:139)\r\n\tat org.testng.internal.invokers.TestInvoker.invokeMethod(TestInvoker.java:664)\r\n\tat org.testng.internal.invokers.TestInvoker.invokeTestMethod(TestInvoker.java:227)\r\n\tat org.testng.internal.invokers.MethodRunner.runInSequence(MethodRunner.java:50)\r\n\tat org.testng.internal.invokers.TestInvoker$MethodInvocationAgent.invoke(TestInvoker.java:957)\r\n\tat org.testng.internal.invokers.TestInvoker.invokeTestMethods(TestInvoker.java:200)\r\n\tat org.testng.internal.invokers.TestMethodWorker.invokeTestMethods(TestMethodWorker.java:148)\r\n\tat org.testng.internal.invokers.TestMethodWorker.run(TestMethodWorker.java:128)\r\n\tat java.base/java.util.ArrayList.forEach(ArrayList.java:1511)\r\n\tat org.testng.TestRunner.privateRun(TestRunner.java:848)\r\n\tat org.testng.TestRunner.run(TestRunner.java:621)\r\n\tat org.testng.SuiteRunner.runTest(SuiteRunner.java:443)\r\n\tat org.testng.SuiteRunner.runSequentially(SuiteRunner.java:437)\r\n\tat org.testng.SuiteRunner.privateRun(SuiteRunner.java:397)\r\n\tat org.testng.SuiteRunner.run(SuiteRunner.java:336)\r\n\tat org.testng.SuiteRunnerWorker.runSuite(SuiteRunnerWorker.java:52)\r\n\tat org.testng.SuiteRunnerWorker.run(SuiteRunnerWorker.java:95)\r\n\tat org.testng.TestNG.runSuitesSequentially(TestNG.java:1280)\r\n\tat org.testng.TestNG.runSuitesLocally(TestNG.java:1200)\r\n\tat org.testng.TestNG.runSuites(TestNG.java:1114)\r\n\tat org.testng.TestNG.run(TestNG.java:1082)\r\n\tat org.apache.maven.surefire.testng.TestNGExecutor.run(TestNGExecutor.java:136)\r\n\tat org.apache.maven.surefire.testng.TestNGDirectoryTestSuite.executeSingleClass(TestNGDirectoryTestSuite.java:112)\r\n\tat org.apache.maven.surefire.testng.TestNGDirectoryTestSuite.execute(TestNGDirectoryTestSuite.java:99)\r\n\tat org.apache.maven.surefire.testng.TestNGProvider.invoke(TestNGProvider.java:145)\r\n\tat org.apache.maven.surefire.booter.ForkedBooter.runSuitesInProcess(ForkedBooter.java:428)\r\n\tat org.apache.maven.surefire.booter.ForkedBooter.execute(ForkedBooter.java:162)\r\n\tat org.apache.maven.surefire.booter.ForkedBooter.run(ForkedBooter.java:562)\r\n\tat org.apache.maven.surefire.booter.ForkedBooter.main(ForkedBooter.java:548)\r\n","steps":[],"attachments":[{"uid":"8e27498fac0a4dcf","name":"Bonus Summary ","source":"8e27498fac0a4dcf.png","type":"image/png","size":149812}],"parameters":[],"shouldDisplayMessage":true,"attachmentsCount":1,"stepsCount":0,"hasContent":true},"afterStages":[{"name":"afterMethod","time":{"start":1710229337643,"stop":1710229338652,"duration":1009},"description":"","status":"passed","steps":[],"attachments":[{"uid":"1cc5a523797ec797","name":"Screenshot","source":"1cc5a523797ec797.png","type":"image/png","size":191668},{"uid":"58b795712bd297e3","name":"Screenshot_pb","source":"58b795712bd297e3.png","type":"image/png","size":98107}],"parameters":[],"shouldDisplayMessage":false,"attachmentsCount":2,"stepsCount":0,"hasContent":true},{"name":"teardown","time":{"start":1710229568255,"stop":1710229569701,"duration":1446},"description":"","status":"passed","steps":[],"attachments":[],"parameters":[],"shouldDisplayMessage":false,"attachmentsCount":0,"stepsCount":0,"hasContent":false}],"labels":[{"name":"package","value":"smoke_Suite.ALC_2627"},{"name":"testClass","value":"smoke_Suite.ALC_2627"},{"name":"testMethod","value":"verifyBonusTransfer"},{"name":"parentSuite","value":"Surefire suite"},{"name":"suite","value":"Surefire test"},{"name":"subSuite","value":"smoke_Suite.ALC_2627"},{"name":"host","value":"DESKTOP-KC70OC4"},{"name":"thread","value":"18656@DESKTOP-KC70OC4.main(1)"},{"name":"framework","value":"testng"},{"name":"language","value":"java"},{"name":"resultFormat","value":"allure2"}],"parameters":[],"links":[],"hidden":false,"retry":false,"extra":{"severity":"normal","retries":[{"uid":"76760cc9ae8edefe","status":"passed","time":{"start":1709630154180,"stop":1709630188390,"duration":34210}},{"uid":"4dbd8d6f0525ff8","status":"passed","time":{"start":1709218747020,"stop":1709218783464,"duration":36444}},{"uid":"2a7b4b403463e070","status":"skipped","statusDetails":"Could not start a new session. Possible causes are invalid address of the remote server or browser start-up failure. \nHost info: host: 'DESKTOP-KC70OC4', ip: '192.168.29.145'","time":{"start":1709218497683,"stop":1709218497684,"duration":1}},{"uid":"9c8e0a38bbaebd35","status":"skipped","statusDetails":"Could not start a new session. Possible causes are invalid address of the remote server or browser start-up failure. \nHost info: host: 'DESKTOP-KC70OC4', ip: '192.168.29.145'","time":{"start":1709218450713,"stop":1709218450714,"duration":1}},{"uid":"e58f127fd6bbf3dd","status":"passed","time":{"start":1709198773687,"stop":1709198807959,"duration":34272}},{"uid":"7bb7d146fb8230ac","status":"passed","time":{"start":1709067862188,"stop":1709068055265,"duration":193077}},{"uid":"2bcae678532a1a76","status":"passed","time":{"start":1709054053831,"stop":1709054125005,"duration":71174}},{"uid":"2c9207a66a56081b","status":"skipped","statusDetails":"java.util.concurrent.TimeoutException\nBuild info: version: '4.13.0', revision: 'ba948ece5b*'\nSystem info: os.name: 'Windows 11', os.arch: 'amd64', os.version: '10.0', java.version: '17.0.7'\nDriver info: org.openqa.selenium.chrome.ChromeDriver\nCommand: [bca132ccf612f903ca20430007c73749, refresh {}]\nCapabilities {acceptInsecureCerts: false, browserName: chrome, browserVersion: 122.0.6261.69, chrome: {chromedriverVersion: 122.0.6261.69 (81bc525b6a36..., userDataDir: C:\\Users\\Fleek\\AppData\\Loca...}, fedcm:accounts: true, goog:chromeOptions: {debuggerAddress: localhost:55538}, networkConnectionEnabled: false, pageLoadStrategy: normal, platformName: windows, proxy: Proxy(), setWindowRect: true, strictFileInteractability: false, timeouts: {implicit: 0, pageLoad: 300000, script: 30000}, unhandledPromptBehavior: dismiss and notify, webauthn:extension:credBlob: true, webauthn:extension:largeBlob: true, webauthn:extension:minPinLength: true, webauthn:extension:prf: true, webauthn:virtualAuthenticators: true}\nSession ID: bca132ccf612f903ca20430007c73749","time":{"start":1709052458377,"stop":1709052458377,"duration":0}},{"uid":"f12e2ad07bb361a2","status":"skipped","statusDetails":"no such window: target window already closed\nfrom unknown error: web view not found\n  (Session info: chrome=122.0.6261.69)\nBuild info: version: '4.13.0', revision: 'ba948ece5b*'\nSystem info: os.name: 'Windows 11', os.arch: 'amd64', os.version: '10.0', java.version: '17.0.7'\nDriver info: org.openqa.selenium.chrome.ChromeDriver\nCommand: [c2506ea674a666c0f769d01fe361d1c8, screenshot {}]\nCapabilities {acceptInsecureCerts: false, browserName: chrome, browserVersion: 122.0.6261.69, chrome: {chromedriverVersion: 122.0.6261.69 (81bc525b6a36..., userDataDir: C:\\Users\\Fleek\\AppData\\Loca...}, fedcm:accounts: true, goog:chromeOptions: {debuggerAddress: localhost:54343}, networkConnectionEnabled: false, pageLoadStrategy: normal, platformName: windows, proxy: Proxy(), setWindowRect: true, strictFileInteractability: false, timeouts: {implicit: 0, pageLoad: 300000, script: 30000}, unhandledPromptBehavior: dismiss and notify, webauthn:extension:credBlob: true, webauthn:extension:largeBlob: true, webauthn:extension:minPinLength: true, webauthn:extension:prf: true, webauthn:virtualAuthenticators: true}\nSession ID: c2506ea674a666c0f769d01fe361d1c8","time":{"start":1709051559034,"stop":1709051559034,"duration":0}},{"uid":"23f791872ea50224","status":"broken","statusDetails":"java.util.concurrent.TimeoutException\nBuild info: version: '4.13.0', revision: 'ba948ece5b*'\nSystem info: os.name: 'Windows 11', os.arch: 'amd64', os.version: '10.0', java.version: '17.0.7'\nDriver info: org.openqa.selenium.chrome.ChromeDriver\nCommand: [8cffda909bc90107a01381a01b472f73, refresh {}]\nCapabilities {acceptInsecureCerts: false, browserName: chrome, browserVersion: 122.0.6261.69, chrome: {chromedriverVersion: 122.0.6261.69 (81bc525b6a36..., userDataDir: C:\\Users\\Fleek\\AppData\\Loca...}, fedcm:accounts: true, goog:chromeOptions: {debuggerAddress: localhost:53027}, networkConnectionEnabled: false, pageLoadStrategy: normal, platformName: windows, proxy: Proxy(), setWindowRect: true, strictFileInteractability: false, timeouts: {implicit: 0, pageLoad: 300000, script: 30000}, unhandledPromptBehavior: dismiss and notify, webauthn:extension:credBlob: true, webauthn:extension:largeBlob: true, webauthn:extension:minPinLength: true, webauthn:extension:prf: true, webauthn:virtualAuthenticators: true}\nSession ID: 8cffda909bc90107a01381a01b472f73","time":{"start":1709050631414,"stop":1709050811661,"duration":180247}},{"uid":"22cdd922e1f32c","status":"skipped","statusDetails":"java.util.concurrent.TimeoutException\nBuild info: version: '4.13.0', revision: 'ba948ece5b*'\nSystem info: os.name: 'Windows 11', os.arch: 'amd64', os.version: '10.0', java.version: '17.0.7'\nDriver info: org.openqa.selenium.chrome.ChromeDriver\nCommand: [565357085a0c8a28d8d4a1be9a265187, refresh {}]\nCapabilities {acceptInsecureCerts: false, browserName: chrome, browserVersion: 122.0.6261.69, chrome: {chromedriverVersion: 122.0.6261.69 (81bc525b6a36..., userDataDir: C:\\Users\\Fleek\\AppData\\Loca...}, fedcm:accounts: true, goog:chromeOptions: {debuggerAddress: localhost:51183}, networkConnectionEnabled: false, pageLoadStrategy: normal, platformName: windows, proxy: Proxy(), setWindowRect: true, strictFileInteractability: false, timeouts: {implicit: 0, pageLoad: 300000, script: 30000}, unhandledPromptBehavior: dismiss and notify, webauthn:extension:credBlob: true, webauthn:extension:largeBlob: true, webauthn:extension:minPinLength: true, webauthn:extension:prf: true, webauthn:virtualAuthenticators: true}\nSession ID: 565357085a0c8a28d8d4a1be9a265187","time":{"start":1709048090541,"stop":1709048090541,"duration":0}},{"uid":"eb61a289f03a07f8","status":"broken","statusDetails":"java.util.concurrent.TimeoutException\nBuild info: version: '4.13.0', revision: 'ba948ece5b*'\nSystem info: os.name: 'Windows 11', os.arch: 'amd64', os.version: '10.0', java.version: '17.0.7'\nDriver info: org.openqa.selenium.chrome.ChromeDriver\nCommand: [41ea0f854e21b0547d7e6f2149a412f8, refresh {}]\nCapabilities {acceptInsecureCerts: false, browserName: chrome, browserVersion: 122.0.6261.69, chrome: {chromedriverVersion: 122.0.6261.69 (81bc525b6a36..., userDataDir: C:\\Users\\Fleek\\AppData\\Loca...}, fedcm:accounts: true, goog:chromeOptions: {debuggerAddress: localhost:49725}, networkConnectionEnabled: false, pageLoadStrategy: normal, platformName: windows, proxy: Proxy(), setWindowRect: true, strictFileInteractability: false, timeouts: {implicit: 0, pageLoad: 300000, script: 30000}, unhandledPromptBehavior: dismiss and notify, webauthn:extension:credBlob: true, webauthn:extension:largeBlob: true, webauthn:extension:minPinLength: true, webauthn:extension:prf: true, webauthn:virtualAuthenticators: true}\nSession ID: 41ea0f854e21b0547d7e6f2149a412f8","time":{"start":1709046934227,"stop":1709047114671,"duration":180444}},{"uid":"77754825b1b5b9a","status":"passed","time":{"start":1709045430472,"stop":1709045488069,"duration":57597}},{"uid":"a5a9321dcf7c3f32","status":"skipped","statusDetails":"Could not start a new session. Response code 500. Message: An unknown server-side error occurred while processing the command. Original error: Could not find a connected Android device in 20196ms. \nHost info: host: 'DESKTOP-KC70OC4', ip: '192.168.29.145'\nBuild info: version: '4.13.0', revision: 'ba948ece5b*'\nSystem info: os.name: 'Windows 11', os.arch: 'amd64', os.version: '10.0', java.version: '17.0.7'\nDriver info: io.appium.java_client.android.AndroidDriver\nCommand: [null, newSession {capabilities=[{appium:appActivity=org.plasticbank.app.MainActivity, appium:appPackage=org.plasticbank.app, appium:automationName=Appium, appium:deviceName=Android Emulator, appium:newCommandTimeout=9000, platformName=ANDROID, appium:platformVersion=11.0, appium:udid=emulator-5554}], desiredCapabilities=Capabilities {appActivity: org.plasticbank.app.MainAct..., appPackage: org.plasticbank.app, automationName: Appium, deviceName: Android Emulator, newCommandTimeout: 9000, platformName: ANDROID, platformVersion: 11.0, udid: emulator-5554}}]\nCapabilities {appActivity: org.plasticbank.app.MainAct..., appPackage: org.plasticbank.app, automationName: Appium, deviceName: Android Emulator, newCommandTimeout: 9000, platformName: ANDROID, platformVersion: 11.0, udid: emulator-5554}","time":{"start":1709045033869,"stop":1709045033870,"duration":1}},{"uid":"9408319c805fd5a0","status":"passed","time":{"start":1708947232692,"stop":1708947267613,"duration":34921}},{"uid":"c0051735bb95eda9","status":"passed","time":{"start":1708940897145,"stop":1708940933067,"duration":35922}},{"uid":"318beaa42e35b69","status":"passed","time":{"start":1708940356007,"stop":1708940390201,"duration":34194}},{"uid":"e76fc79382540c4a","status":"skipped","statusDetails":"Could not start a new session. Response code 500. Message: An unknown server-side error occurred while processing the command. Original error: Appium Settings app is not running after 5000ms \nHost info: host: 'DESKTOP-KC70OC4', ip: '192.168.1.83'\nBuild info: version: '4.13.0', revision: 'ba948ece5b*'\nSystem info: os.name: 'Windows 11', os.arch: 'amd64', os.version: '10.0', java.version: '17.0.7'\nDriver info: io.appium.java_client.android.AndroidDriver\nCommand: [null, newSession {capabilities=[{appium:appActivity=org.plasticbank.app.MainActivity, appium:appPackage=org.plasticbank.app, appium:automationName=Appium, appium:deviceName=Android Emulator, appium:newCommandTimeout=9000, platformName=ANDROID, appium:platformVersion=11.0, appium:udid=emulator-5554}], desiredCapabilities=Capabilities {appActivity: org.plasticbank.app.MainAct..., appPackage: org.plasticbank.app, automationName: Appium, deviceName: Android Emulator, newCommandTimeout: 9000, platformName: ANDROID, platformVersion: 11.0, udid: emulator-5554}}]\nCapabilities {appActivity: org.plasticbank.app.MainAct..., appPackage: org.plasticbank.app, automationName: Appium, deviceName: Android Emulator, newCommandTimeout: 9000, platformName: ANDROID, platformVersion: 11.0, udid: emulator-5554}","time":{"start":1708940171752,"stop":1708940171753,"duration":1}},{"uid":"8f3be578253e58e3","status":"skipped","statusDetails":"Could not start a new session. Response code 500. Message: An unknown server-side error occurred while processing the command. Original error: Error executing adbExec. Original error: 'Command 'C:\\\\Users\\\\Fleek\\\\AppData\\\\Local\\\\Android\\\\Sdk\\\\platform-tools\\\\adb.exe -P 5037 -s emulator-5554 shell 'settings delete global hidden_api_policy_pre_p_apps;settings delete global hidden_api_policy_p_apps;settings delete global hidden_api_policy'' exited with code 20'; Command output: cmd: Can't find service: settings\r\ncmd: Can't find service: settings\r\ncmd: Can't find service: settings\r\n \nHost info: host: 'DESKTOP-KC70OC4', ip: '192.168.1.83'\nBuild info: version: '4.13.0', revision: 'ba948ece5b*'\nSystem info: os.name: 'Windows 11', os.arch: 'amd64', os.version: '10.0', java.version: '17.0.7'\nDriver info: io.appium.java_client.android.AndroidDriver\nCommand: [null, newSession {capabilities=[{appium:appActivity=org.plasticbank.app.MainActivity, appium:appPackage=org.plasticbank.app, appium:automationName=Appium, appium:deviceName=Android Emulator, appium:newCommandTimeout=9000, platformName=ANDROID, appium:platformVersion=11.0, appium:udid=emulator-5554}], desiredCapabilities=Capabilities {appActivity: org.plasticbank.app.MainAct..., appPackage: org.plasticbank.app, automationName: Appium, deviceName: Android Emulator, newCommandTimeout: 9000, platformName: ANDROID, platformVersion: 11.0, udid: emulator-5554}}]\nCapabilities {appActivity: org.plasticbank.app.MainAct..., appPackage: org.plasticbank.app, automationName: Appium, deviceName: Android Emulator, newCommandTimeout: 9000, platformName: ANDROID, platformVersion: 11.0, udid: emulator-5554}","time":{"start":1708940140355,"stop":1708940140356,"duration":1}},{"uid":"b435617702123e0c","status":"passed","time":{"start":1708939401498,"stop":1708939439393,"duration":37895}},{"uid":"502c098a7f270f00","status":"passed","time":{"start":1708939104688,"stop":1708939141549,"duration":36861}},{"uid":"194168f0d6910989","status":"skipped","statusDetails":"Could not start a new session. Response code 500. Message: An unknown server-side error occurred while processing the command. Original error: Error executing adbExec. Original error: 'Command 'C:\\\\Users\\\\Fleek\\\\AppData\\\\Local\\\\Android\\\\Sdk\\\\platform-tools\\\\adb.exe -P 5037 -s emulator-5554 shell pm clear org.plasticbank.app' timed out after 20000ms'. Try to increase the 20000ms adb execution timeout represented by 'adbExecTimeout' capability \nHost info: host: 'DESKTOP-KC70OC4', ip: '192.168.1.83'\nBuild info: version: '4.13.0', revision: 'ba948ece5b*'\nSystem info: os.name: 'Windows 11', os.arch: 'amd64', os.version: '10.0', java.version: '17.0.7'\nDriver info: io.appium.java_client.android.AndroidDriver\nCommand: [null, newSession {capabilities=[{appium:appActivity=org.plasticbank.app.MainActivity, appium:appPackage=org.plasticbank.app, appium:automationName=Appium, appium:deviceName=Android Emulator, appium:newCommandTimeout=9000, platformName=ANDROID, appium:platformVersion=11.0, appium:udid=emulator-5554}], desiredCapabilities=Capabilities {appActivity: org.plasticbank.app.MainAct..., appPackage: org.plasticbank.app, automationName: Appium, deviceName: Android Emulator, newCommandTimeout: 9000, platformName: ANDROID, platformVersion: 11.0, udid: emulator-5554}}]\nCapabilities {appActivity: org.plasticbank.app.MainAct..., appPackage: org.plasticbank.app, automationName: Appium, deviceName: Android Emulator, newCommandTimeout: 9000, platformName: ANDROID, platformVersion: 11.0, udid: emulator-5554}","time":{"start":1708938891471,"stop":1708938891471,"duration":0}},{"uid":"85a3f5223bf34970","status":"passed","time":{"start":1708695353095,"stop":1708695389119,"duration":36024}},{"uid":"d7eca73a4bce33b1","status":"passed","time":{"start":1708683740348,"stop":1708683787788,"duration":47440}},{"uid":"998711c4d6270109","status":"failed","statusDetails":"expected [PET - 200.00KG] but found []","time":{"start":1708683478803,"stop":1708683497269,"duration":18466}},{"uid":"f9cf33a5ccc314dd","status":"failed","statusDetails":"Lists differ at element [0]: 83.8 KG != 200 KG expected [83.8 KG] but found [200 KG]","time":{"start":1708673682688,"stop":1708673701229,"duration":18541}}],"categories":[{"name":"Product defects","matchedStatuses":[],"flaky":false}],"tags":[]},"source":"da45da9274fc18a.json","parameterValues":[]}